<?xml version="1.0" encoding="UTF-8"?>
<!-- Generated by org.testng.reporters.JUnitReportReporter -->
<testsuite hostname="DESKTOP-NA33NHG" failures="0" tests="1" name="stepdefinition.todoOne" time="3.510" errors="0" timestamp="2022-05-13T11:56:56 SGT" skipped="0">
  <testcase classname="stepdefinition.todoOne" name="m1" time="3.510"/>
  <system-out/>
</testsuite> <!-- stepdefinition.todoOne -->
