<?xml version="1.0" encoding="UTF-8"?>
<!-- Generated by org.testng.reporters.JUnitReportReporter -->
<testsuite hostname="DESKTOP-NA33NHG" failures="0" tests="1" name="SeleniumCucumber.SeleniumCucumber.HandleDropDown" time="8.154" errors="0" timestamp="2023-07-09T13:22:04 SGT" skipped="0">
  <testcase classname="SeleniumCucumber.SeleniumCucumber.HandleDropDown" name="handleDropDown" time="8.154"/>
  <system-out/>
</testsuite> <!-- SeleniumCucumber.SeleniumCucumber.HandleDropDown -->
