<?xml version="1.0" encoding="UTF-8"?>
<!-- Generated by org.testng.reporters.JUnitReportReporter -->
<testsuite hostname="DESKTOP-NA33NHG" failures="0" tests="1" name="stepdefinition.todo" time="2.552" errors="0" timestamp="2022-05-13T00:31:12 SGT" skipped="0">
  <testcase classname="stepdefinition.todo" name="m1" time="2.552"/>
  <system-out/>
</testsuite> <!-- stepdefinition.todo -->
