<?xml version="1.0" encoding="UTF-8"?>
<!-- Generated by org.testng.reporters.JUnitReportReporter -->
<testsuite hostname="DESKTOP-NA33NHG" failures="0" tests="2" name="SeleniumCucumber.SeleniumCucumber.LoginTest" time="8.373" errors="0" timestamp="2023-07-09T19:52:57 SGT" skipped="0">
  <testcase classname="SeleniumCucumber.SeleniumCucumber.LoginTest" name="meth" time="4.622"/>
  <system-out/>
  <testcase classname="SeleniumCucumber.SeleniumCucumber.LoginTest" name="meth" time="3.751"/>
  <system-out/>
</testsuite> <!-- SeleniumCucumber.SeleniumCucumber.LoginTest -->
