<?xml version="1.0" encoding="UTF-8"?>
<!-- Generated by org.testng.reporters.JUnitReportReporter -->
<testsuite hostname="DESKTOP-NA33NHG" failures="0" tests="1" name="week1.day1.SimpleRequest" time="5.335" errors="0" timestamp="2023-06-28T19:31:01 SGT" skipped="0">
  <testcase classname="week1.day1.SimpleRequest" name="getRequest" time="5.335"/>
  <system-out/>
</testsuite> <!-- week1.day1.SimpleRequest -->
