<?xml version="1.0" encoding="UTF-8"?>
<!-- Generated by org.testng.reporters.JUnitReportReporter -->
<testsuite hostname="DESKTOP-NA33NHG" failures="0" tests="1" name="week1.day2.PostRequest" time="5.561" errors="0" timestamp="2023-06-28T23:31:55 SGT" skipped="0">
  <testcase classname="week1.day2.PostRequest" name="postRequest" time="5.561"/>
  <system-out/>
</testsuite> <!-- week1.day2.PostRequest -->
