<?xml version="1.0" encoding="UTF-8"?>
<!-- Generated by org.testng.reporters.JUnitReportReporter -->
<testsuite hostname="DESKTOP-NA33NHG" failures="0" tests="1" name="week1.day2.SimplePostRequest" time="5.418" errors="0" timestamp="2023-06-28T22:32:44 SGT" skipped="0">
  <testcase classname="week1.day2.SimplePostRequest" name="postRequest" time="5.418"/>
  <system-out/>
</testsuite> <!-- week1.day2.SimplePostRequest -->
