<?xml version="1.0" encoding="UTF-8"?>
<!-- Generated by org.testng.reporters.JUnitReportReporter -->
<testsuite hostname="DESKTOP-NA33NHG" failures="0" tests="1" name="week1.day1.GetRequestWithMultipleQP" time="5.290" errors="0" timestamp="2023-06-28T20:21:30 SGT" skipped="0">
  <testcase classname="week1.day1.GetRequestWithMultipleQP" name="multipleQP" time="5.290"/>
  <system-out/>
</testsuite> <!-- week1.day1.GetRequestWithMultipleQP -->
