<?xml version="1.0" encoding="UTF-8"?>
<!-- Generated by org.testng.reporters.JUnitReportReporter -->
<testsuite hostname="DESKTOP-NA33NHG" failures="0" tests="1" name="week1.day2.GetChangeRegQuery" time="6.347" errors="0" timestamp="2023-06-28T21:52:07 SGT" skipped="0">
  <testcase classname="week1.day2.GetChangeRegQuery" name="ChangeRequestQuery" time="6.347"/>
  <system-out/>
</testsuite> <!-- week1.day2.GetChangeRegQuery -->
