<?xml version="1.0" encoding="UTF-8"?>
<!-- Generated by org.testng.reporters.JUnitReportReporter -->
<testsuite hostname="DESKTOP-NA33NHG" failures="0" tests="1" name="week1.day2.PostRequestWithBody" time="4.754" errors="0" timestamp="2023-06-28T23:48:20 SGT" skipped="0">
  <testcase classname="week1.day2.PostRequestWithBody" name="postRequest" time="4.754"/>
  <system-out/>
</testsuite> <!-- week1.day2.PostRequestWithBody -->
