<?xml version="1.0" encoding="UTF-8"?>
<!-- Generated by org.testng.reporters.JUnitReportReporter -->
<testsuite hostname="DESKTOP-NA33NHG" failures="0" tests="1" name="week1.day3.PatchRequest" time="5.999" errors="0" timestamp="2023-06-29T17:18:02 SGT" skipped="0">
  <testcase classname="week1.day3.PatchRequest" name="patchReq" time="5.999"/>
  <system-out/>
</testsuite> <!-- week1.day3.PatchRequest -->
