<?xml version="1.0" encoding="UTF-8"?>
<!-- Generated by org.testng.reporters.JUnitReportReporter -->
<testsuite hostname="DESKTOP-NA33NHG" failures="0" tests="1" name="week1.day2.GetChangeRequest" time="6.266" errors="0" timestamp="2023-06-28T21:22:57 SGT" skipped="0">
  <testcase classname="week1.day2.GetChangeRequest" name="getChangeReq" time="6.266"/>
  <system-out/>
</testsuite> <!-- week1.day2.GetChangeRequest -->
