<?xml version="1.0" encoding="UTF-8"?>
<!-- Generated by org.testng.reporters.JUnitReportReporter -->
<testsuite hostname="DESKTOP-NA33NHG" failures="0" tests="1" name="week1.day2.PostRequestWithFileBody" time="4.495" errors="0" timestamp="2023-06-29T00:02:31 SGT" skipped="0">
  <testcase classname="week1.day2.PostRequestWithFileBody" name="postRequest" time="4.495"/>
  <system-out/>
</testsuite> <!-- week1.day2.PostRequestWithFileBody -->
