<?xml version="1.0" encoding="UTF-8"?>
<!-- Generated by org.testng.reporters.JUnitReportReporter -->
<testsuite hostname="DESKTOP-NA33NHG" failures="0" tests="1" name="week1.day3.PutRequest" time="5.152" errors="0" timestamp="2023-06-28T23:56:19 SGT" skipped="0">
  <testcase classname="week1.day3.PutRequest" name="putMethod" time="5.152"/>
  <system-out/>
</testsuite> <!-- week1.day3.PutRequest -->
