<?xml version="1.0" encoding="UTF-8"?>
<!-- Generated by org.testng.reporters.JUnitReportReporter -->
<testsuite hostname="DESKTOP-NA33NHG" failures="0" tests="1" name="week1.day3.AssertThatTest" time="6.395" errors="0" timestamp="2023-06-29T18:18:31 SGT" skipped="0">
  <testcase classname="week1.day3.AssertThatTest" name="assertOne" time="6.395"/>
  <system-out/>
</testsuite> <!-- week1.day3.AssertThatTest -->
