<?xml version="1.0" encoding="UTF-8"?>
<!-- Generated by org.testng.reporters.JUnitReportReporter -->
<testsuite hostname="DESKTOP-NA33NHG" failures="0" tests="1" name="week3.day2.UpdateUsingPutRequest" time="5.188" errors="0" timestamp="2022-05-21T22:21:15 SGT" skipped="0">
  <testcase classname="week3.day2.UpdateUsingPutRequest" name="putRequest" time="5.188"/>
  <system-out/>
</testsuite> <!-- week3.day2.UpdateUsingPutRequest -->
