<?xml version="1.0" encoding="UTF-8"?>
<!-- Generated by org.testng.reporters.JUnitReportReporter -->
<testsuite hostname="DESKTOP-NA33NHG" failures="0" tests="1" name="week3.day2.ResponseMatchesSchema" time="5.883" errors="0" timestamp="2022-05-21T22:30:45 SGT" skipped="0">
  <testcase classname="week3.day2.ResponseMatchesSchema" name="postRequestWithSchemaValidation" time="5.883"/>
  <system-out/>
</testsuite> <!-- week3.day2.ResponseMatchesSchema -->
