<?xml version="1.0" encoding="UTF-8"?>
<!-- Generated by org.testng.reporters.JUnitReportReporter -->
<testsuite hostname="DESKTOP-NA33NHG" failures="0" tests="1" name="week3.day2.LearnAssertions" time="9.849" errors="0" timestamp="2022-05-21T17:41:58 SGT" skipped="0">
  <testcase classname="week3.day2.LearnAssertions" name="sendGetRequest" time="9.849"/>
  <system-out/>
</testsuite> <!-- week3.day2.LearnAssertions -->
