<?xml version="1.0" encoding="UTF-8"?>
<!-- Generated by org.testng.reporters.JUnitReportReporter -->
<testsuite hostname="DESKTOP-NA33NHG" failures="0" tests="1" name="week3.day1.GetRequestWithQP" time="4.587" errors="0" timestamp="2022-05-19T23:22:41 SGT" skipped="0">
  <testcase classname="week3.day1.GetRequestWithQP" name="sendRequestWithQP" time="4.587"/>
  <system-out/>
</testsuite> <!-- week3.day1.GetRequestWithQP -->
