<?xml version="1.0" encoding="UTF-8"?>
<!-- Generated by org.testng.reporters.JUnitReportReporter -->
<testsuite hostname="DESKTOP-NA33NHG" failures="0" tests="1" name="week3.day1.PostRequestWithBody" time="8.919" errors="0" timestamp="2022-05-21T15:50:13 SGT" skipped="0">
  <testcase classname="week3.day1.PostRequestWithBody" name="sendPostRequestWithBody" time="8.919"/>
  <system-out/>
</testsuite> <!-- week3.day1.PostRequestWithBody -->
