<?xml version="1.0" encoding="UTF-8"?>
<!-- Generated by org.testng.reporters.JUnitReportReporter -->
<testsuite hostname="DESKTOP-NA33NHG" failures="0" tests="1" name="week3.day2.UpdateUsingPatchRequest" time="4.714" errors="0" timestamp="2022-05-21T14:12:54 SGT" skipped="0">
  <testcase classname="week3.day2.UpdateUsingPatchRequest" name="patchRequest" time="4.714"/>
  <system-out/>
</testsuite> <!-- week3.day2.UpdateUsingPatchRequest -->
