<?xml version="1.0" encoding="UTF-8"?>
<!-- Generated by org.testng.reporters.JUnitReportReporter -->
<testsuite hostname="DESKTOP-NA33NHG" failures="0" tests="1" name="week3.day1.SimpleGetRequest" time="7.170" errors="0" timestamp="2022-05-19T22:25:07 SGT" skipped="0">
  <testcase classname="week3.day1.SimpleGetRequest" name="sendGetRequest" time="7.170"/>
  <system-out/>
</testsuite> <!-- week3.day1.SimpleGetRequest -->
