<?xml version="1.0" encoding="UTF-8"?>
<!-- Generated by org.testng.reporters.JUnitReportReporter -->
<testsuite hostname="DESKTOP-NA33NHG" failures="0" tests="1" name="week3.day2.DeleteRecord" time="4.821" errors="0" timestamp="2022-05-21T15:41:41 SGT" skipped="0">
  <testcase classname="week3.day2.DeleteRecord" name="deleteRequest" time="4.821"/>
  <system-out/>
</testsuite> <!-- week3.day2.DeleteRecord -->
