<?xml version="1.0" encoding="UTF-8"?>
<!-- Generated by org.testng.reporters.JUnitReportReporter -->
<testsuite hostname="DESKTOP-NA33NHG" failures="0" tests="1" name="week3.day1.GetRequestWithMultipleQP" time="6.524" errors="0" timestamp="2022-05-20T00:03:12 SGT" skipped="0">
  <testcase classname="week3.day1.GetRequestWithMultipleQP" name="sendRequestWithMultipleQP" time="6.524"/>
  <system-out/>
</testsuite> <!-- week3.day1.GetRequestWithMultipleQP -->
