<?xml version="1.0" encoding="UTF-8"?>
<!-- Generated by org.testng.reporters.JUnitReportReporter -->
<testsuite hostname="DESKTOP-NA33NHG" failures="0" tests="1" name="week3.day1.SimplePostRequest" time="6.577" errors="0" timestamp="2022-05-21T18:51:08 SGT" skipped="0">
  <testcase classname="week3.day1.SimplePostRequest" name="PostRequest" time="6.577"/>
  <system-out/>
</testsuite> <!-- week3.day1.SimplePostRequest -->
