<?xml version="1.0" encoding="UTF-8"?>
<!-- Generated by org.testng.reporters.JUnitReportReporter -->
<testsuite hostname="DESKTOP-NA33NHG" failures="0" tests="1" name="week3.day1.PostRequestWithFile" time="5.815" errors="0" timestamp="2022-05-21T15:51:12 SGT" skipped="0">
  <testcase classname="week3.day1.PostRequestWithFile" name="sendPostRequestWithBody" time="5.815"/>
  <system-out/>
</testsuite> <!-- week3.day1.PostRequestWithFile -->
